  compilation object save succeeded; see M:\AG0701a\Third_Year\Semester 2\CMP305\Labs\Lab 1 - Proc Terrain\Faulting\Faulting\terrain_ps.cso
  compilation object save succeeded; see M:\AG0701a\Third_Year\Semester 2\CMP305\Labs\Lab 1 - Proc Terrain\Faulting\Faulting\terrain_vs.cso
  compilation object save succeeded; see M:\AG0701a\Third_Year\Semester 2\CMP305\Labs\Lab 1 - Proc Terrain\Faulting\Faulting\tessellation_vs.cso
  Terrain.cpp
m:\ag0701a\third_year\semester 2\cmp305\labs\lab 1 - proc terrain\faulting\faulting\terrain.cpp(269): warning C4244: 'initializing': conversion from 'int' to 'float', possible loss of data
m:\ag0701a\third_year\semester 2\cmp305\labs\lab 1 - proc terrain\faulting\faulting\terrain.cpp(272): warning C4244: 'initializing': conversion from 'double' to 'float', possible loss of data
m:\ag0701a\third_year\semester 2\cmp305\labs\lab 1 - proc terrain\faulting\faulting\terrain.cpp(318): warning C4244: 'initializing': conversion from 'double' to 'float', possible loss of data
m:\ag0701a\third_year\semester 2\cmp305\labs\lab 1 - proc terrain\faulting\faulting\terrain.cpp(324): warning C4244: 'initializing': conversion from 'double' to 'float', possible loss of data
m:\ag0701a\third_year\semester 2\cmp305\labs\lab 1 - proc terrain\faulting\faulting\terrain.cpp(339): warning C4244: 'argument': conversion from 'float' to 'int', possible loss of data
m:\ag0701a\third_year\semester 2\cmp305\labs\lab 1 - proc terrain\faulting\faulting\terrain.cpp(435): warning C4244: 'argument': conversion from 'float' to 'int', possible loss of data
m:\ag0701a\third_year\semester 2\cmp305\labs\lab 1 - proc terrain\faulting\faulting\terrain.cpp(437): warning C4244: 'argument': conversion from 'float' to 'int', possible loss of data
m:\ag0701a\third_year\semester 2\cmp305\labs\lab 1 - proc terrain\faulting\faulting\terrain.cpp(439): warning C4244: 'argument': conversion from 'float' to 'int', possible loss of data
m:\ag0701a\third_year\semester 2\cmp305\labs\lab 1 - proc terrain\faulting\faulting\terrain.cpp(441): warning C4244: 'argument': conversion from 'float' to 'int', possible loss of data
m:\ag0701a\third_year\semester 2\cmp305\labs\lab 1 - proc terrain\faulting\faulting\terrain.cpp(444): warning C4244: 'initializing': conversion from 'double' to 'int', possible loss of data
m:\ag0701a\third_year\semester 2\cmp305\labs\lab 1 - proc terrain\faulting\faulting\terrain.cpp(448): warning C4244: 'initializing': conversion from 'int' to 'float', possible loss of data
m:\ag0701a\third_year\semester 2\cmp305\labs\lab 1 - proc terrain\faulting\faulting\terrain.cpp(453): warning C4244: '=': conversion from 'double' to 'float', possible loss of data
m:\ag0701a\third_year\semester 2\cmp305\labs\lab 1 - proc terrain\faulting\faulting\terrain.cpp(467): warning C4244: 'argument': conversion from 'float' to 'int', possible loss of data
m:\ag0701a\third_year\semester 2\cmp305\labs\lab 1 - proc terrain\faulting\faulting\terrain.cpp(488): warning C4244: '+=': conversion from 'double' to 'float', possible loss of data
m:\ag0701a\third_year\semester 2\cmp305\labs\lab 1 - proc terrain\faulting\faulting\terrain.cpp(517): warning C4244: '+=': conversion from 'double' to 'float', possible loss of data
m:\ag0701a\third_year\semester 2\cmp305\labs\lab 1 - proc terrain\faulting\faulting\terrain.cpp(539): warning C4244: 'argument': conversion from 'int' to 'float', possible loss of data
m:\ag0701a\third_year\semester 2\cmp305\labs\lab 1 - proc terrain\faulting\faulting\terrain.cpp(561): warning C4244: '=': conversion from 'float' to 'int', possible loss of data
m:\ag0701a\third_year\semester 2\cmp305\labs\lab 1 - proc terrain\faulting\faulting\terrain.cpp(704): warning C4244: 'return': conversion from 'int' to 'float', possible loss of data
  Faulting.vcxproj -> M:\AG0701a\Third_Year\Semester 2\CMP305\Labs\Lab 1 - Proc Terrain\Faulting\Debug\Faulting.exe
