  compilation object save succeeded; see M:\AG0701a\ProcGen\ProcGen\colour_ps.cso
  compilation object save succeeded; see M:\AG0701a\ProcGen\ProcGen\tessellation_gs.cso
  compilation object save succeeded; see M:\AG0701a\ProcGen\ProcGen\tessellation_hs.cso
  compilation object save succeeded; see M:\AG0701a\ProcGen\ProcGen\tessellation_vs.cso
  Terrain.cpp
m:\ag0701a\procgen\procgen\terrain.cpp(275): warning C4244: 'initializing': conversion from 'int' to 'float', possible loss of data
m:\ag0701a\procgen\procgen\terrain.cpp(278): warning C4244: 'initializing': conversion from 'double' to 'float', possible loss of data
m:\ag0701a\procgen\procgen\terrain.cpp(324): warning C4244: 'initializing': conversion from 'double' to 'float', possible loss of data
m:\ag0701a\procgen\procgen\terrain.cpp(330): warning C4244: 'initializing': conversion from 'double' to 'float', possible loss of data
m:\ag0701a\procgen\procgen\terrain.cpp(357): warning C4244: 'initializing': conversion from 'double' to 'float', possible loss of data
m:\ag0701a\procgen\procgen\terrain.cpp(367): warning C4244: 'argument': conversion from 'float' to 'int', possible loss of data
m:\ag0701a\procgen\procgen\terrain.cpp(491): warning C4244: 'argument': conversion from 'float' to 'int', possible loss of data
m:\ag0701a\procgen\procgen\terrain.cpp(493): warning C4244: 'argument': conversion from 'float' to 'int', possible loss of data
m:\ag0701a\procgen\procgen\terrain.cpp(495): warning C4244: 'argument': conversion from 'float' to 'int', possible loss of data
m:\ag0701a\procgen\procgen\terrain.cpp(497): warning C4244: 'argument': conversion from 'float' to 'int', possible loss of data
m:\ag0701a\procgen\procgen\terrain.cpp(500): warning C4244: 'initializing': conversion from 'double' to 'int', possible loss of data
m:\ag0701a\procgen\procgen\terrain.cpp(504): warning C4244: 'initializing': conversion from 'int' to 'float', possible loss of data
m:\ag0701a\procgen\procgen\terrain.cpp(509): warning C4244: '=': conversion from 'double' to 'float', possible loss of data
m:\ag0701a\procgen\procgen\terrain.cpp(523): warning C4244: 'argument': conversion from 'float' to 'int', possible loss of data
m:\ag0701a\procgen\procgen\terrain.cpp(544): warning C4244: '+=': conversion from 'double' to 'float', possible loss of data
m:\ag0701a\procgen\procgen\terrain.cpp(580): warning C4244: '+=': conversion from 'double' to 'float', possible loss of data
m:\ag0701a\procgen\procgen\terrain.cpp(584): warning C4244: '=': conversion from 'double' to 'float', possible loss of data
m:\ag0701a\procgen\procgen\terrain.cpp(621): warning C4244: 'argument': conversion from 'int' to 'float', possible loss of data
m:\ag0701a\procgen\procgen\terrain.cpp(643): warning C4244: '=': conversion from 'float' to 'int', possible loss of data
m:\ag0701a\procgen\procgen\terrain.cpp(888): warning C4244: 'return': conversion from 'int' to 'float', possible loss of data
  ProcGen.vcxproj -> M:\AG0701a\ProcGen\Debug\ProcGen.exe
